<?xml version="1.0" encoding="UTF-8"?>
<testsuite xmlns:xsi="http://www.w3.org/2001/XMLSchema-instance" xsi:noNamespaceSchemaLocation="https://maven.apache.org/surefire/maven-surefire-plugin/xsd/surefire-test-report-3.0.xsd" version="3.0" name="CalculadoraTest" time="0.1" tests="10" errors="0" skipped="0" failures="0">
  <properties>
[...]
</properties>
  <testcase name="testSoma_DeveRetornarSomaDeDoisNumeros" classname="CalculadoraTest" time="0.045"/>
  <testcase name="testPotencia_DeveRetornarZeroQuandoBaseForZeroEExpoenteMaiorQueZero" classname="CalculadoraTest" time="0.002"/>
  <testcase name="testMultiplicacao_DeveRetornarMultiplicacaoDeDoisNumeros" classname="CalculadoraTest" time="0.001"/>
  <testcase name="testPotencia_DeveRetornarUmQuandoExpoenteForZero" classname="CalculadoraTest" time="0.001"/>
  <testcase name="testDivisao_DeveExibirMensagemQuandoDivisorForZero" classname="CalculadoraTest" time="0.003"/>
  <testcase name="testResto_DeveRetornarRestoDaDivisaoDeDoisNumeros" classname="CalculadoraTest" time="0.001"/>
  <testcase name="testPotencia_DeveRetornarPotenciaDeBaseEExpoente" classname="CalculadoraTest" time="0.001"/>
  <testcase name="testSubtracao_DeveRetornarSubtracaoDeDoisNumeros" classname="CalculadoraTest" time="0.002"/>
  <testcase name="testResto_DeveExibirMensagemQuandoDivisorForZero" classname="CalculadoraTest" time="0.001"/>
  <testcase name="testDivisao_DeveRetornarDivisaoDeDoisNumeros" classname="CalculadoraTest" time="0.001"/>
</testsuite>